app/build/intermediates/manifest_merge_blame_file/debug/manifest-merger-blame-debug-report.txt
1<?xml version="1.0" encoding="utf-8"?>
2<manifest xmlns:android="http://schemas.android.com/apk/res/android"
3    package="com.iotait.schoolapp"
4    android:versionCode="34"
5    android:versionName="7.1.4" >
6
7    <uses-sdk
8        android:minSdkVersion="21"
8-->src\main\AndroidManifest.xml
9        android:targetSdkVersion="30" />
9-->src\main\AndroidManifest.xml
10
11    <uses-permission android:name="android.permission.ACCESS_WIFI_STATE" />
11-->src\main\AndroidManifest.xml:5:5-76
11-->src\main\AndroidManifest.xml:5:22-73
12    <uses-permission android:name="android.permission.CHANGE_NETWORK_STATE" />
12-->src\main\AndroidManifest.xml:6:5-79
12-->src\main\AndroidManifest.xml:6:22-76
13    <uses-permission android:name="android.permission.CAMERA" />
13-->src\main\AndroidManifest.xml:7:5-65
13-->src\main\AndroidManifest.xml:7:22-62
14    <uses-permission android:name="android.permission.READ_EXTERNAL_STORAGE" />
14-->src\main\AndroidManifest.xml:8:5-80
14-->src\main\AndroidManifest.xml:8:22-77
15    <uses-permission android:name="android.permission.INTERNET" />
15-->src\main\AndroidManifest.xml:9:5-67
15-->src\main\AndroidManifest.xml:9:22-64
16    <uses-permission android:name="android.permission.STORAGE" />
16-->src\main\AndroidManifest.xml:10:5-66
16-->src\main\AndroidManifest.xml:10:22-63
17    <uses-permission android:name="android.permission.WRITE_EXTERNAL_STORAGE" />
17-->src\main\AndroidManifest.xml:11:5-81
17-->src\main\AndroidManifest.xml:11:22-78
18    <uses-permission android:name="android.permission.READ_PHONE_STATE" />
18-->src\main\AndroidManifest.xml:12:5-75
18-->src\main\AndroidManifest.xml:12:22-72
19    <uses-permission android:name="android.permission.VIBRATE" /> <!-- Although the *SdkVersion is captured in gradle build files, this is required for non gradle builds -->
19-->[co.paystack.android.design.widget:pinpad:1.0.4] AndroidManifest.xml:11:5-66
19-->[co.paystack.android.design.widget:pinpad:1.0.4] AndroidManifest.xml:11:22-63
20    <!-- <uses-sdk android:minSdkVersion="14"/> -->
21    <uses-permission android:name="android.permission.ACCESS_NETWORK_STATE" /> <!-- Create a unique permission for your app and use it so only your app can receive your OneSignal messages. -->
21-->[com.google.firebase:firebase-database:19.3.0] AndroidManifest.xml:25:5-79
21-->[com.google.firebase:firebase-database:19.3.0] AndroidManifest.xml:25:22-76
22    <permission
22-->[com.onesignal:OneSignal:3.15.1] AndroidManifest.xml:7:5-9:47
23        android:name="com.iotait.schoolapp.permission.C2D_MESSAGE"
23-->[com.onesignal:OneSignal:3.15.1] AndroidManifest.xml:8:9-63
24        android:protectionLevel="signature" />
24-->[com.onesignal:OneSignal:3.15.1] AndroidManifest.xml:9:9-44
25
26    <uses-permission android:name="com.iotait.schoolapp.permission.C2D_MESSAGE" />
26-->[com.onesignal:OneSignal:3.15.1] AndroidManifest.xml:11:5-79
26-->[com.onesignal:OneSignal:3.15.1] AndroidManifest.xml:11:22-76
27    <uses-permission android:name="com.google.android.c2dm.permission.RECEIVE" /> <!-- Required, makes sure notifications are delivered on time. -->
27-->[com.onesignal:OneSignal:3.15.1] AndroidManifest.xml:17:5-82
27-->[com.onesignal:OneSignal:3.15.1] AndroidManifest.xml:17:22-79
28    <uses-permission android:name="android.permission.WAKE_LOCK" />
28-->[com.onesignal:OneSignal:3.15.1] AndroidManifest.xml:18:5-68
28-->[com.onesignal:OneSignal:3.15.1] AndroidManifest.xml:18:22-65
29    <!--
30 Use to restore notifications the user hasn't interacted with.
31         They could be missed notifications if the user reboots their device if this isn't in place.
32    -->
33    <uses-permission android:name="android.permission.RECEIVE_BOOT_COMPLETED" /> <!-- START: ShortcutBadger -->
33-->[com.onesignal:OneSignal:3.15.1] AndroidManifest.xml:29:5-81
33-->[com.onesignal:OneSignal:3.15.1] AndroidManifest.xml:29:22-78
34    <!-- Samsung -->
35    <uses-permission android:name="com.sec.android.provider.badge.permission.READ" />
35-->[com.onesignal:OneSignal:3.15.1] AndroidManifest.xml:31:5-86
35-->[com.onesignal:OneSignal:3.15.1] AndroidManifest.xml:31:22-83
36    <uses-permission android:name="com.sec.android.provider.badge.permission.WRITE" /> <!-- HTC -->
36-->[com.onesignal:OneSignal:3.15.1] AndroidManifest.xml:32:5-87
36-->[com.onesignal:OneSignal:3.15.1] AndroidManifest.xml:32:22-84
37    <uses-permission android:name="com.htc.launcher.permission.READ_SETTINGS" />
37-->[com.onesignal:OneSignal:3.15.1] AndroidManifest.xml:33:5-81
37-->[com.onesignal:OneSignal:3.15.1] AndroidManifest.xml:33:22-78
38    <uses-permission android:name="com.htc.launcher.permission.UPDATE_SHORTCUT" /> <!-- Sony -->
38-->[com.onesignal:OneSignal:3.15.1] AndroidManifest.xml:34:5-83
38-->[com.onesignal:OneSignal:3.15.1] AndroidManifest.xml:34:22-80
39    <uses-permission android:name="com.sonyericsson.home.permission.BROADCAST_BADGE" />
39-->[com.onesignal:OneSignal:3.15.1] AndroidManifest.xml:35:5-88
39-->[com.onesignal:OneSignal:3.15.1] AndroidManifest.xml:35:22-85
40    <uses-permission android:name="com.sonymobile.home.permission.PROVIDER_INSERT_BADGE" /> <!-- Apex -->
40-->[com.onesignal:OneSignal:3.15.1] AndroidManifest.xml:36:5-92
40-->[com.onesignal:OneSignal:3.15.1] AndroidManifest.xml:36:22-89
41    <uses-permission android:name="com.anddoes.launcher.permission.UPDATE_COUNT" /> <!-- Solid -->
41-->[com.onesignal:OneSignal:3.15.1] AndroidManifest.xml:37:5-84
41-->[com.onesignal:OneSignal:3.15.1] AndroidManifest.xml:37:22-81
42    <uses-permission android:name="com.majeur.launcher.permission.UPDATE_BADGE" /> <!-- Huawei -->
42-->[com.onesignal:OneSignal:3.15.1] AndroidManifest.xml:38:5-83
42-->[com.onesignal:OneSignal:3.15.1] AndroidManifest.xml:38:22-80
43    <uses-permission android:name="com.huawei.android.launcher.permission.CHANGE_BADGE" />
43-->[com.onesignal:OneSignal:3.15.1] AndroidManifest.xml:39:5-91
43-->[com.onesignal:OneSignal:3.15.1] AndroidManifest.xml:39:22-88
44    <uses-permission android:name="com.huawei.android.launcher.permission.READ_SETTINGS" />
44-->[com.onesignal:OneSignal:3.15.1] AndroidManifest.xml:40:5-92
44-->[com.onesignal:OneSignal:3.15.1] AndroidManifest.xml:40:22-89
45    <uses-permission android:name="com.huawei.android.launcher.permission.WRITE_SETTINGS" /> <!-- ZUK -->
45-->[com.onesignal:OneSignal:3.15.1] AndroidManifest.xml:41:5-93
45-->[com.onesignal:OneSignal:3.15.1] AndroidManifest.xml:41:22-90
46    <uses-permission android:name="android.permission.READ_APP_BADGE" /> <!-- OPPO -->
46-->[com.onesignal:OneSignal:3.15.1] AndroidManifest.xml:42:5-73
46-->[com.onesignal:OneSignal:3.15.1] AndroidManifest.xml:42:22-70
47    <uses-permission android:name="com.oppo.launcher.permission.READ_SETTINGS" />
47-->[com.onesignal:OneSignal:3.15.1] AndroidManifest.xml:43:5-82
47-->[com.onesignal:OneSignal:3.15.1] AndroidManifest.xml:43:22-79
48    <uses-permission android:name="com.oppo.launcher.permission.WRITE_SETTINGS" /> <!-- EvMe -->
48-->[com.onesignal:OneSignal:3.15.1] AndroidManifest.xml:44:5-83
48-->[com.onesignal:OneSignal:3.15.1] AndroidManifest.xml:44:22-80
49    <uses-permission android:name="me.everything.badger.permission.BADGE_COUNT_READ" />
49-->[com.onesignal:OneSignal:3.15.1] AndroidManifest.xml:45:5-88
49-->[com.onesignal:OneSignal:3.15.1] AndroidManifest.xml:45:22-85
50    <uses-permission android:name="me.everything.badger.permission.BADGE_COUNT_WRITE" />
50-->[com.onesignal:OneSignal:3.15.1] AndroidManifest.xml:46:5-89
50-->[com.onesignal:OneSignal:3.15.1] AndroidManifest.xml:46:22-86
51    <uses-permission android:name="com.google.android.finsky.permission.BIND_GET_INSTALL_REFERRER_SERVICE" />
51-->[com.google.android.gms:play-services-measurement:17.4.0] AndroidManifest.xml:26:5-110
51-->[com.google.android.gms:play-services-measurement:17.4.0] AndroidManifest.xml:26:22-107
52    <uses-permission android:name="com.google.android.gms.permission.AD_ID" />
52-->[com.facebook.android:facebook-core:13.2.0] AndroidManifest.xml:28:5-79
52-->[com.facebook.android:facebook-core:13.2.0] AndroidManifest.xml:28:22-76
53
54    <application
54-->src\main\AndroidManifest.xml:14:5-137:19
55        android:name="com.iotait.schoolapp.application.AppController"
55-->src\main\AndroidManifest.xml:15:9-50
56        android:allowBackup="true"
56-->src\main\AndroidManifest.xml:16:9-35
57        android:appComponentFactory="androidx.core.app.CoreComponentFactory"
57-->[androidx.core:core:1.3.2] AndroidManifest.xml:24:18-86
58        android:debuggable="true"
59        android:hardwareAccelerated="true"
59-->src\main\AndroidManifest.xml:17:9-43
60        android:icon="@mipmap/app_icon"
60-->src\main\AndroidManifest.xml:18:9-40
61        android:label="@string/app_name"
61-->src\main\AndroidManifest.xml:19:9-41
62        android:networkSecurityConfig="@xml/network_security_config"
62-->src\main\AndroidManifest.xml:20:9-69
63        android:requestLegacyExternalStorage="true"
63-->src\main\AndroidManifest.xml:21:9-52
64        android:roundIcon="@mipmap/app_icon_round"
64-->src\main\AndroidManifest.xml:22:9-51
65        android:supportsRtl="true"
65-->src\main\AndroidManifest.xml:23:9-35
66        android:theme="@style/AppTheme" >
66-->src\main\AndroidManifest.xml:24:9-40
67        <activity
67-->src\main\AndroidManifest.xml:25:9-27:40
68            android:name="com.iotait.schoolapp.ui.login.First"
68-->src\main\AndroidManifest.xml:26:13-43
69            android:exported="false" />
69-->src\main\AndroidManifest.xml:27:13-37
70
71        <meta-data
71-->src\main\AndroidManifest.xml:29:9-31:55
72            android:name="com.facebook.sdk.ApplicationId"
72-->src\main\AndroidManifest.xml:30:13-58
73            android:value="@string/facebook_app_id" />
73-->src\main\AndroidManifest.xml:31:13-52
74
75        <activity
75-->src\main\AndroidManifest.xml:33:9-36:48
76            android:name="com.facebook.FacebookActivity"
76-->src\main\AndroidManifest.xml:34:13-57
77            android:configChanges="keyboard|keyboardHidden|screenLayout|screenSize|orientation"
77-->src\main\AndroidManifest.xml:35:13-96
78            android:label="@string/app_name"
78-->src\main\AndroidManifest.xml:36:13-45
79            android:theme="@style/com_facebook_activity_theme" />
79-->[com.facebook.android:facebook-common:13.2.0] AndroidManifest.xml:33:13-63
80        <activity
80-->src\main\AndroidManifest.xml:37:9-48:20
81            android:name="com.facebook.CustomTabActivity"
81-->src\main\AndroidManifest.xml:38:13-58
82            android:exported="true" >
82-->src\main\AndroidManifest.xml:39:13-36
83            <intent-filter>
83-->src\main\AndroidManifest.xml:40:13-47:29
84                <action android:name="android.intent.action.VIEW" />
84-->src\main\AndroidManifest.xml:41:17-69
84-->src\main\AndroidManifest.xml:41:25-66
85
86                <category android:name="android.intent.category.DEFAULT" />
86-->src\main\AndroidManifest.xml:43:17-76
86-->src\main\AndroidManifest.xml:43:27-73
87                <category android:name="android.intent.category.BROWSABLE" />
87-->src\main\AndroidManifest.xml:44:17-78
87-->src\main\AndroidManifest.xml:44:27-75
88
89                <data android:scheme="@string/fb_login_protocol_scheme" />
89-->src\main\AndroidManifest.xml:46:17-75
89-->src\main\AndroidManifest.xml:46:23-72
90            </intent-filter>
91            <intent-filter>
91-->[com.facebook.android:facebook-common:13.2.0] AndroidManifest.xml:39:13-48:29
92                <action android:name="android.intent.action.VIEW" />
92-->src\main\AndroidManifest.xml:41:17-69
92-->src\main\AndroidManifest.xml:41:25-66
93
94                <category android:name="android.intent.category.DEFAULT" />
94-->src\main\AndroidManifest.xml:43:17-76
94-->src\main\AndroidManifest.xml:43:27-73
95                <category android:name="android.intent.category.BROWSABLE" />
95-->src\main\AndroidManifest.xml:44:17-78
95-->src\main\AndroidManifest.xml:44:27-75
96
97                <data
97-->src\main\AndroidManifest.xml:46:17-75
98                    android:host="cct.com.iotait.schoolapp"
99                    android:scheme="fbconnect" />
99-->src\main\AndroidManifest.xml:46:23-72
100            </intent-filter>
101        </activity>
102        <activity android:name="com.iotait.schoolapp.ui.homepage.ui.leaderboard.LeaderboardinfoActivity" />
102-->src\main\AndroidManifest.xml:49:9-88
102-->src\main\AndroidManifest.xml:49:19-85
103        <activity
103-->src\main\AndroidManifest.xml:50:9-61:20
104            android:name="com.iotait.schoolapp.ui.splash.SplashActivity"
104-->src\main\AndroidManifest.xml:51:13-53
105            android:configChanges="orientation|screenSize"
105-->src\main\AndroidManifest.xml:52:13-59
106            android:screenOrientation="nosensor"
106-->src\main\AndroidManifest.xml:53:13-49
107            android:theme="@style/AppTheme.Launcher"
107-->src\main\AndroidManifest.xml:54:13-53
108            android:windowSoftInputMode="adjustResize" >
108-->src\main\AndroidManifest.xml:55:13-55
109            <intent-filter>
109-->src\main\AndroidManifest.xml:56:13-60:29
110                <action android:name="android.intent.action.MAIN" />
110-->src\main\AndroidManifest.xml:57:17-69
110-->src\main\AndroidManifest.xml:57:25-66
111
112                <category android:name="android.intent.category.LAUNCHER" />
112-->src\main\AndroidManifest.xml:59:17-77
112-->src\main\AndroidManifest.xml:59:27-74
113            </intent-filter>
114        </activity>
115        <activity android:name="com.iotait.schoolapp.ui.homepage.ui.premium.LearnmoreActivity" />
115-->src\main\AndroidManifest.xml:62:9-78
115-->src\main\AndroidManifest.xml:62:19-75
116        <activity android:name="com.iotait.schoolapp.ui.homepage.ui.chat.GroupAdminActivity" />
116-->src\main\AndroidManifest.xml:63:9-76
116-->src\main\AndroidManifest.xml:63:19-73
117        <activity android:name="com.iotait.schoolapp.ui.homepage.ui.chat.FullPhotoViewActivity" />
117-->src\main\AndroidManifest.xml:64:9-79
117-->src\main\AndroidManifest.xml:64:19-76
118        <activity
118-->src\main\AndroidManifest.xml:65:9-67:58
119            android:name="com.iotait.schoolapp.ui.homepage.ui.chat.ChatWindowGroupActivity"
119-->src\main\AndroidManifest.xml:66:13-72
120            android:windowSoftInputMode="adjustResize" />
120-->src\main\AndroidManifest.xml:67:13-55
121        <activity android:name="com.iotait.schoolapp.ui.homepage.ui.chat.ChatWindowActivity" /> <!-- <meta-data -->
121-->src\main\AndroidManifest.xml:68:9-76
121-->src\main\AndroidManifest.xml:68:19-73
122        <!-- android:name="com.google.firebase.messaging.default_notification_color" -->
123        <!-- android:resource="@color/colorAccent" /> -->
124        <activity android:name="com.iotait.schoolapp.ui.homepage.ui.articlereadmore.ArticleReadmoreActivity" />
124-->src\main\AndroidManifest.xml:71:9-92
124-->src\main\AndroidManifest.xml:71:19-89
125        <activity android:name="com.iotait.schoolapp.ui.homepage.ui.chat.ChatListActivty" /> <!-- metadata for paystack -->
125-->src\main\AndroidManifest.xml:72:9-73
125-->src\main\AndroidManifest.xml:72:19-70
126        <activity
126-->src\main\AndroidManifest.xml:73:9-75:59
127            android:name="com.iotait.schoolapp.ui.homepage.ui.detailsnews.DetailsNewsWebView"
127-->src\main\AndroidManifest.xml:74:13-74
128            android:theme="@style/AppTheme.NoActionBar" />
128-->src\main\AndroidManifest.xml:75:13-56
129        <activity
129-->src\main\AndroidManifest.xml:76:9-80:59
130            android:name="com.iotait.schoolapp.ui.homepage.HomeNavigationActivity"
130-->src\main\AndroidManifest.xml:77:13-63
131            android:hardwareAccelerated="true"
131-->src\main\AndroidManifest.xml:78:13-47
132            android:noHistory="false"
132-->src\main\AndroidManifest.xml:79:13-38
133            android:theme="@style/AppTheme.NoActionBar" />
133-->src\main\AndroidManifest.xml:80:13-56
134        <activity
134-->src\main\AndroidManifest.xml:81:9-86:58
135            android:name="com.iotait.schoolapp.ui.login.LoginActivity"
135-->src\main\AndroidManifest.xml:82:13-51
136            android:configChanges="orientation|screenSize"
136-->src\main\AndroidManifest.xml:83:13-59
137            android:screenOrientation="nosensor"
137-->src\main\AndroidManifest.xml:84:13-49
138            android:theme="@style/AppTheme.Launcher"
138-->src\main\AndroidManifest.xml:85:13-53
139            android:windowSoftInputMode="adjustResize" />
139-->src\main\AndroidManifest.xml:86:13-55
140        <activity
140-->src\main\AndroidManifest.xml:87:9-91:58
141            android:name="com.iotait.schoolapp.ui.signup.SignUpActivty"
141-->src\main\AndroidManifest.xml:88:13-52
142            android:configChanges="orientation|screenSize"
142-->src\main\AndroidManifest.xml:89:13-59
143            android:screenOrientation="nosensor"
143-->src\main\AndroidManifest.xml:90:13-49
144            android:windowSoftInputMode="adjustResize" />
144-->src\main\AndroidManifest.xml:91:13-55
145        <activity
145-->src\main\AndroidManifest.xml:92:9-95:52
146            android:name="com.iotait.schoolapp.ui.authentication.AuthenticationActivty"
146-->src\main\AndroidManifest.xml:93:13-68
147            android:configChanges="orientation|screenSize"
147-->src\main\AndroidManifest.xml:94:13-59
148            android:screenOrientation="nosensor" />
148-->src\main\AndroidManifest.xml:95:13-49
149
150        <meta-data
150-->src\main\AndroidManifest.xml:29:9-31:55
151            android:name="com.facebook.sdk.ApplicationId"
151-->src\main\AndroidManifest.xml:30:13-58
152            android:value="@string/facebook_app_id" />
152-->src\main\AndroidManifest.xml:31:13-52
153        <meta-data
153-->src\main\AndroidManifest.xml:100:9-102:50
154            android:name="com.google.firebase.messaging.default_notification_channel_id"
154-->src\main\AndroidManifest.xml:101:13-89
155            android:value="@string/CHANNEL_ID" />
155-->src\main\AndroidManifest.xml:102:13-47
156        <meta-data
156-->src\main\AndroidManifest.xml:103:9-105:46
157            android:name="com.google.android.gms.ads.APPLICATION_ID"
157-->src\main\AndroidManifest.xml:104:13-69
158            android:value="@string/app_id" />
158-->src\main\AndroidManifest.xml:105:13-43
159        <meta-data
159-->src\main\AndroidManifest.xml:106:9-108:80
160            android:name="co.paystack.android.PublicKey"
160-->src\main\AndroidManifest.xml:107:13-57
161            android:value="pk_test_983fafb18046e47fbdb96b25c09daa298189cdea" />
161-->src\main\AndroidManifest.xml:108:13-77
162        <meta-data
162-->src\main\AndroidManifest.xml:109:9-111:55
163            android:name="com.google.firebase.messaging.default_notification_icon"
163-->src\main\AndroidManifest.xml:110:13-83
164            android:resource="@drawable/ic_premium" />
164-->src\main\AndroidManifest.xml:111:13-52
165        <meta-data
165-->src\main\AndroidManifest.xml:100:9-102:50
166            android:name="com.google.firebase.messaging.default_notification_channel_id"
166-->src\main\AndroidManifest.xml:101:13-89
167            android:value="@string/CHANNEL_ID" />
167-->src\main\AndroidManifest.xml:102:13-47
168        <meta-data
168-->src\main\AndroidManifest.xml:103:9-105:46
169            android:name="com.google.android.gms.ads.APPLICATION_ID"
169-->src\main\AndroidManifest.xml:104:13-69
170            android:value="@string/app_id" />
170-->src\main\AndroidManifest.xml:105:13-43
171
172        <service
172-->src\main\AndroidManifest.xml:119:9-126:19
173            android:name="com.iotait.schoolapp.notification.chatnotif.ReceivedNotifications"
173-->src\main\AndroidManifest.xml:120:13-73
174            android:exported="true"
174-->src\main\AndroidManifest.xml:121:13-36
175            android:permission="com.google.android.c2dm.permission.SEND" >
175-->src\main\AndroidManifest.xml:122:13-73
176            <intent-filter>
176-->src\main\AndroidManifest.xml:123:13-125:29
177                <action android:name="com.google.firebase.MESSAGING_EVENT" />
177-->src\main\AndroidManifest.xml:124:17-78
177-->src\main\AndroidManifest.xml:124:25-75
178            </intent-filter>
179        </service>
180
181        <provider
181-->src\main\AndroidManifest.xml:128:9-136:20
182            android:name="androidx.core.content.FileProvider"
182-->src\main\AndroidManifest.xml:129:13-62
183            android:authorities="com.iotait.schoolapp.fileprovider"
183-->src\main\AndroidManifest.xml:130:13-68
184            android:exported="false"
184-->src\main\AndroidManifest.xml:131:13-37
185            android:grantUriPermissions="true" >
185-->src\main\AndroidManifest.xml:132:13-47
186            <meta-data
186-->src\main\AndroidManifest.xml:133:13-135:53
187                android:name="android.support.FILE_PROVIDER_PATHS"
187-->src\main\AndroidManifest.xml:134:17-67
188                android:resource="@xml/filepaths" />
188-->src\main\AndroidManifest.xml:135:17-50
189        </provider>
190
191        <activity
191-->[com.karumi:dexter:6.2.1] AndroidManifest.xml:27:9-29:72
192            android:name="com.karumi.dexter.DexterActivity"
192-->[com.karumi:dexter:6.2.1] AndroidManifest.xml:28:13-60
193            android:theme="@style/Dexter.Internal.Theme.Transparent" />
193-->[com.karumi:dexter:6.2.1] AndroidManifest.xml:29:13-69
194        <activity
194-->[com.github.esafirm.android-image-picker:imagepicker:2.2.0] AndroidManifest.xml:16:9-19:50
195            android:name="com.esafirm.imagepicker.features.ImagePickerActivity"
195-->[com.github.esafirm.android-image-picker:imagepicker:2.2.0] AndroidManifest.xml:17:13-80
196            android:configChanges="orientation|screenSize"
196-->[com.github.esafirm.android-image-picker:imagepicker:2.2.0] AndroidManifest.xml:18:13-59
197            android:theme="@style/ef_AppTheme" />
197-->[com.github.esafirm.android-image-picker:imagepicker:2.2.0] AndroidManifest.xml:19:13-47
198
199        <provider
199-->[com.github.esafirm.android-image-picker:imagepicker:2.2.0] AndroidManifest.xml:21:9-29:20
200            android:name="com.esafirm.imagepicker.helper.ImagePickerFileProvider"
200-->[com.github.esafirm.android-image-picker:imagepicker:2.2.0] AndroidManifest.xml:22:13-82
201            android:authorities="com.iotait.schoolapp.imagepicker.provider"
201-->[com.github.esafirm.android-image-picker:imagepicker:2.2.0] AndroidManifest.xml:23:13-72
202            android:exported="false"
202-->[com.github.esafirm.android-image-picker:imagepicker:2.2.0] AndroidManifest.xml:24:13-37
203            android:grantUriPermissions="true" >
203-->[com.github.esafirm.android-image-picker:imagepicker:2.2.0] AndroidManifest.xml:25:13-47
204            <meta-data
204-->src\main\AndroidManifest.xml:133:13-135:53
205                android:name="android.support.FILE_PROVIDER_PATHS"
205-->src\main\AndroidManifest.xml:134:17-67
206                android:resource="@xml/image_picker_provider_paths" />
206-->src\main\AndroidManifest.xml:135:17-50
207        </provider>
208
209        <activity android:name="com.facebook.CustomTabMainActivity" />
209-->[com.facebook.android:facebook-common:13.2.0] AndroidManifest.xml:34:9-71
209-->[com.facebook.android:facebook-common:13.2.0] AndroidManifest.xml:34:19-68
210        <activity
210-->[com.google.firebase:firebase-auth:19.3.1] AndroidManifest.xml:24:9-31:50
211            android:name="com.google.firebase.auth.internal.FederatedSignInActivity"
211-->[com.google.firebase:firebase-auth:19.3.1] AndroidManifest.xml:25:13-85
212            android:excludeFromRecents="true"
212-->[com.google.firebase:firebase-auth:19.3.1] AndroidManifest.xml:26:13-46
213            android:exported="true"
213-->[com.google.firebase:firebase-auth:19.3.1] AndroidManifest.xml:27:13-36
214            android:launchMode="singleTask"
214-->[com.google.firebase:firebase-auth:19.3.1] AndroidManifest.xml:28:13-44
215            android:permission="com.google.firebase.auth.api.gms.permission.LAUNCH_FEDERATED_SIGN_IN"
215-->[com.google.firebase:firebase-auth:19.3.1] AndroidManifest.xml:29:13-102
216            android:theme="@android:style/Theme.Translucent.NoTitleBar" />
216-->[com.google.firebase:firebase-auth:19.3.1] AndroidManifest.xml:30:13-72
217
218        <service
218-->[com.google.firebase:firebase-auth:19.3.1] AndroidManifest.xml:33:9-39:19
219            android:name="com.google.firebase.components.ComponentDiscoveryService"
219-->[com.google.firebase:firebase-auth:19.3.1] AndroidManifest.xml:34:13-84
220            android:directBootAware="true"
220-->[com.google.firebase:firebase-common:19.3.0] AndroidManifest.xml:34:13-43
221            android:exported="false" >
221-->[com.google.firebase:firebase-auth:19.3.1] AndroidManifest.xml:35:13-37
222            <meta-data
222-->[com.google.firebase:firebase-auth:19.3.1] AndroidManifest.xml:36:13-38:85
223                android:name="com.google.firebase.components:com.google.firebase.auth.FirebaseAuthRegistrar"
223-->[com.google.firebase:firebase-auth:19.3.1] AndroidManifest.xml:37:17-109
224                android:value="com.google.firebase.components.ComponentRegistrar" />
224-->[com.google.firebase:firebase-auth:19.3.1] AndroidManifest.xml:38:17-82
225            <meta-data
225-->[com.google.firebase:firebase-database:19.3.0] AndroidManifest.xml:32:13-34:85
226                android:name="com.google.firebase.components:com.google.firebase.database.DatabaseRegistrar"
226-->[com.google.firebase:firebase-database:19.3.0] AndroidManifest.xml:33:17-109
227                android:value="com.google.firebase.components.ComponentRegistrar" />
227-->[com.google.firebase:firebase-database:19.3.0] AndroidManifest.xml:34:17-82
228            <meta-data
228-->[com.google.firebase:firebase-storage:19.1.1] AndroidManifest.xml:33:13-35:85
229                android:name="com.google.firebase.components:com.google.firebase.storage.StorageRegistrar"
229-->[com.google.firebase:firebase-storage:19.1.1] AndroidManifest.xml:34:17-107
230                android:value="com.google.firebase.components.ComponentRegistrar" />
230-->[com.google.firebase:firebase-storage:19.1.1] AndroidManifest.xml:35:17-82
231            <meta-data
231-->[com.google.firebase:firebase-crashlytics:17.0.0] AndroidManifest.xml:16:13-18:85
232                android:name="com.google.firebase.components:com.google.firebase.crashlytics.CrashlyticsRegistrar"
232-->[com.google.firebase:firebase-crashlytics:17.0.0] AndroidManifest.xml:17:17-115
233                android:value="com.google.firebase.components.ComponentRegistrar" />
233-->[com.google.firebase:firebase-crashlytics:17.0.0] AndroidManifest.xml:18:17-82
234            <meta-data
234-->[com.google.firebase:firebase-firestore:21.4.3] AndroidManifest.xml:20:13-22:85
235                android:name="com.google.firebase.components:com.google.firebase.firestore.FirestoreRegistrar"
235-->[com.google.firebase:firebase-firestore:21.4.3] AndroidManifest.xml:21:17-111
236                android:value="com.google.firebase.components.ComponentRegistrar" />
236-->[com.google.firebase:firebase-firestore:21.4.3] AndroidManifest.xml:22:17-82
237            <meta-data
237-->[com.google.firebase:firebase-messaging:20.1.7] AndroidManifest.xml:38:13-40:85
238                android:name="com.google.firebase.components:com.google.firebase.messaging.FirebaseMessagingRegistrar"
238-->[com.google.firebase:firebase-messaging:20.1.7] AndroidManifest.xml:39:17-119
239                android:value="com.google.firebase.components.ComponentRegistrar" />
239-->[com.google.firebase:firebase-messaging:20.1.7] AndroidManifest.xml:40:17-82
240            <meta-data
240-->[com.google.android.gms:play-services-measurement-api:17.4.0] AndroidManifest.xml:30:13-32:85
241                android:name="com.google.firebase.components:com.google.firebase.analytics.connector.internal.AnalyticsConnectorRegistrar"
241-->[com.google.android.gms:play-services-measurement-api:17.4.0] AndroidManifest.xml:31:17-139
242                android:value="com.google.firebase.components.ComponentRegistrar" />
242-->[com.google.android.gms:play-services-measurement-api:17.4.0] AndroidManifest.xml:32:17-82
243            <meta-data
243-->[com.google.firebase:firebase-iid:20.1.7] AndroidManifest.xml:32:13-34:85
244                android:name="com.google.firebase.components:com.google.firebase.iid.Registrar"
244-->[com.google.firebase:firebase-iid:20.1.7] AndroidManifest.xml:33:17-96
245                android:value="com.google.firebase.components.ComponentRegistrar" />
245-->[com.google.firebase:firebase-iid:20.1.7] AndroidManifest.xml:34:17-82
246            <meta-data
246-->[com.google.firebase:firebase-datatransport:17.0.3] AndroidManifest.xml:28:13-30:85
247                android:name="com.google.firebase.components:com.google.firebase.datatransport.TransportRegistrar"
247-->[com.google.firebase:firebase-datatransport:17.0.3] AndroidManifest.xml:29:17-115
248                android:value="com.google.firebase.components.ComponentRegistrar" />
248-->[com.google.firebase:firebase-datatransport:17.0.3] AndroidManifest.xml:30:17-82
249            <meta-data
249-->[com.google.firebase:firebase-installations:16.3.0] AndroidManifest.xml:17:13-19:85
250                android:name="com.google.firebase.components:com.google.firebase.installations.FirebaseInstallationsRegistrar"
250-->[com.google.firebase:firebase-installations:16.3.0] AndroidManifest.xml:18:17-127
251                android:value="com.google.firebase.components.ComponentRegistrar" />
251-->[com.google.firebase:firebase-installations:16.3.0] AndroidManifest.xml:19:17-82
252        </service>
253
254        <meta-data
254-->[com.onesignal:OneSignal:3.15.1] AndroidManifest.xml:49:9-51:51
255            android:name="onesignal_app_id"
255-->[com.onesignal:OneSignal:3.15.1] AndroidManifest.xml:50:13-44
256            android:value="1f240163-ec95-4900-bf89-1f14e7c80aeb" /> <!-- Deprecated - Pulled from OneSignal dashboard. -->